<?xml version="1.0" encoding="UTF-8"?>
<!-- Generated by org.testng.reporters.JUnitReportReporter -->
<testsuite hostname="Shreyanvi" failures="0" tests="1" name="LibAPI.ExternalJSONPayloadExample" time="3.799" errors="0" timestamp="2022-05-30T15:01:11 IST" skipped="0">
  <testcase classname="LibAPI.ExternalJSONPayloadExample" name="AaddBook" time="3.799"/>
  <system-out/>
</testsuite> <!-- LibAPI.ExternalJSONPayloadExample -->
