<?xml version="1.0" encoding="UTF-8"?>
<!-- Generated by org.testng.reporters.JUnitReportReporter -->
<testsuite hostname="Shreyanvi" failures="0" tests="3" name="LibAPI.LibraryBookAPIParameterizationConcept" time="5.323" errors="0" timestamp="2022-05-30T14:52:06 IST" skipped="0">
  <testcase classname="LibAPI.LibraryBookAPIParameterizationConcept" name="AaddBook" time="1.195"/>
  <system-out/>
  <testcase classname="LibAPI.LibraryBookAPIParameterizationConcept" name="AaddBook" time="3.063"/>
  <system-out/>
  <testcase classname="LibAPI.LibraryBookAPIParameterizationConcept" name="AaddBook" time="1.065"/>
  <system-out/>
</testsuite> <!-- LibAPI.LibraryBookAPIParameterizationConcept -->
