<?xml version="1.0" encoding="UTF-8"?>
<!-- Generated by org.testng.reporters.JUnitReportReporter -->
<testsuite hostname="Shreyanvi" failures="0" tests="1" name="LibAPI.AddbookAPI" time="2.709" errors="0" timestamp="2022-05-30T13:59:19 IST" skipped="0">
  <testcase classname="LibAPI.AddbookAPI" name="AaddBook" time="2.709"/>
  <system-out/>
</testsuite> <!-- LibAPI.AddbookAPI -->
